[INFO] - 2021-08-02 21:29:49,706 - root - : Hi, This is root. in /home/arthur/Work/kaggle/BraTS_2021/utils/config.py:92
[INFO] - 2021-08-02 21:29:49,706 - root - : After the configurations are successfully processed and dirs are created. in /home/arthur/Work/kaggle/BraTS_2021/utils/config.py:93
[INFO] - 2021-08-02 21:29:49,706 - root - : The pipeline of the project will begin now. in /home/arthur/Work/kaggle/BraTS_2021/utils/config.py:94
[INFO] - 2021-08-02 21:33:11,438 - root - : Hi, This is root. in /home/arthur/Work/kaggle/BraTS_2021/utils/config.py:92
[INFO] - 2021-08-02 21:33:11,438 - root - : After the configurations are successfully processed and dirs are created. in /home/arthur/Work/kaggle/BraTS_2021/utils/config.py:93
[INFO] - 2021-08-02 21:33:11,438 - root - : The pipeline of the project will begin now. in /home/arthur/Work/kaggle/BraTS_2021/utils/config.py:94
[INFO] - 2021-08-02 21:33:36,711 - root - : Hi, This is root. in /home/arthur/Work/kaggle/BraTS_2021/utils/config.py:92
[INFO] - 2021-08-02 21:33:36,711 - root - : After the configurations are successfully processed and dirs are created. in /home/arthur/Work/kaggle/BraTS_2021/utils/config.py:93
[INFO] - 2021-08-02 21:33:36,711 - root - : The pipeline of the project will begin now. in /home/arthur/Work/kaggle/BraTS_2021/utils/config.py:94
[INFO] - 2021-08-02 21:34:51,543 - root - : Hi, This is root. in /home/arthur/Work/kaggle/BraTS_2021/utils/config.py:92
[INFO] - 2021-08-02 21:34:51,543 - root - : After the configurations are successfully processed and dirs are created. in /home/arthur/Work/kaggle/BraTS_2021/utils/config.py:93
[INFO] - 2021-08-02 21:34:51,543 - root - : The pipeline of the project will begin now. in /home/arthur/Work/kaggle/BraTS_2021/utils/config.py:94
[INFO] - 2021-08-02 21:35:44,144 - root - : Hi, This is root. in /home/arthur/Work/kaggle/BraTS_2021/utils/config.py:92
[INFO] - 2021-08-02 21:35:44,144 - root - : After the configurations are successfully processed and dirs are created. in /home/arthur/Work/kaggle/BraTS_2021/utils/config.py:93
[INFO] - 2021-08-02 21:35:44,144 - root - : The pipeline of the project will begin now. in /home/arthur/Work/kaggle/BraTS_2021/utils/config.py:94
[INFO] - 2021-08-02 21:36:46,148 - root - : Hi, This is root. in /home/arthur/Work/kaggle/BraTS_2021/utils/config.py:92
[INFO] - 2021-08-02 21:36:46,148 - root - : After the configurations are successfully processed and dirs are created. in /home/arthur/Work/kaggle/BraTS_2021/utils/config.py:93
[INFO] - 2021-08-02 21:36:46,148 - root - : The pipeline of the project will begin now. in /home/arthur/Work/kaggle/BraTS_2021/utils/config.py:94
[INFO] - 2021-08-02 21:40:01,206 - root - : Hi, This is root. in /home/arthur/Work/kaggle/BraTS_2021/utils/config.py:92
[INFO] - 2021-08-02 21:40:01,206 - root - : After the configurations are successfully processed and dirs are created. in /home/arthur/Work/kaggle/BraTS_2021/utils/config.py:93
[INFO] - 2021-08-02 21:40:01,206 - root - : The pipeline of the project will begin now. in /home/arthur/Work/kaggle/BraTS_2021/utils/config.py:94
[INFO] - 2021-08-02 21:40:07,744 - root - : Hi, This is root. in /home/arthur/Work/kaggle/BraTS_2021/utils/config.py:92
[INFO] - 2021-08-02 21:40:07,744 - root - : After the configurations are successfully processed and dirs are created. in /home/arthur/Work/kaggle/BraTS_2021/utils/config.py:93
[INFO] - 2021-08-02 21:40:07,744 - root - : The pipeline of the project will begin now. in /home/arthur/Work/kaggle/BraTS_2021/utils/config.py:94
[INFO] - 2021-08-02 21:40:19,187 - root - : Hi, This is root. in /home/arthur/Work/kaggle/BraTS_2021/utils/config.py:92
[INFO] - 2021-08-02 21:40:19,187 - root - : After the configurations are successfully processed and dirs are created. in /home/arthur/Work/kaggle/BraTS_2021/utils/config.py:93
[INFO] - 2021-08-02 21:40:19,187 - root - : The pipeline of the project will begin now. in /home/arthur/Work/kaggle/BraTS_2021/utils/config.py:94
[INFO] - 2021-08-02 21:42:12,996 - root - : Hi, This is root. in /home/arthur/Work/kaggle/BraTS_2021/utils/config.py:92
[INFO] - 2021-08-02 21:42:12,996 - root - : After the configurations are successfully processed and dirs are created. in /home/arthur/Work/kaggle/BraTS_2021/utils/config.py:93
[INFO] - 2021-08-02 21:42:12,996 - root - : The pipeline of the project will begin now. in /home/arthur/Work/kaggle/BraTS_2021/utils/config.py:94
[INFO] - 2021-08-02 21:43:09,170 - root - : Hi, This is root. in /home/arthur/Work/kaggle/BraTS_2021/utils/config.py:92
[INFO] - 2021-08-02 21:43:09,171 - root - : After the configurations are successfully processed and dirs are created. in /home/arthur/Work/kaggle/BraTS_2021/utils/config.py:93
[INFO] - 2021-08-02 21:43:09,171 - root - : The pipeline of the project will begin now. in /home/arthur/Work/kaggle/BraTS_2021/utils/config.py:94
[INFO] - 2021-08-02 21:43:27,334 - root - : Hi, This is root. in /home/arthur/Work/kaggle/BraTS_2021/utils/config.py:92
[INFO] - 2021-08-02 21:43:27,334 - root - : After the configurations are successfully processed and dirs are created. in /home/arthur/Work/kaggle/BraTS_2021/utils/config.py:93
[INFO] - 2021-08-02 21:43:27,334 - root - : The pipeline of the project will begin now. in /home/arthur/Work/kaggle/BraTS_2021/utils/config.py:94
[INFO] - 2021-08-02 21:43:28,987 - Agent - : Program will run on *****GPU-CUDA*****  in /home/arthur/Work/kaggle/BraTS_2021/agents/mlp_mixer.py:67
[INFO] - 2021-08-02 21:43:28,987 - Cuda Statistics - : __Python VERSION:  3.8.8 | packaged by conda-forge | (default, Feb 20 2021, 16:22:27) 
[GCC 9.3.0] in /home/arthur/Work/kaggle/BraTS_2021/utils/misc.py:25
[INFO] - 2021-08-02 21:43:28,987 - Cuda Statistics - : __pyTorch VERSION:  1.8.0 in /home/arthur/Work/kaggle/BraTS_2021/utils/misc.py:26
[INFO] - 2021-08-02 21:43:28,987 - Cuda Statistics - : __CUDA VERSION in /home/arthur/Work/kaggle/BraTS_2021/utils/misc.py:27
[INFO] - 2021-08-02 21:43:29,041 - Cuda Statistics - : __CUDNN VERSION:  8005 in /home/arthur/Work/kaggle/BraTS_2021/utils/misc.py:29
[INFO] - 2021-08-02 21:43:29,041 - Cuda Statistics - : __Number CUDA Devices:  1 in /home/arthur/Work/kaggle/BraTS_2021/utils/misc.py:30
[INFO] - 2021-08-02 21:43:29,041 - Cuda Statistics - : __Devices in /home/arthur/Work/kaggle/BraTS_2021/utils/misc.py:31
[INFO] - 2021-08-02 21:43:29,103 - Cuda Statistics - : Active CUDA Device: GPU 0 in /home/arthur/Work/kaggle/BraTS_2021/utils/misc.py:34
[INFO] - 2021-08-02 21:43:29,103 - Cuda Statistics - : Available devices  1 in /home/arthur/Work/kaggle/BraTS_2021/utils/misc.py:35
[INFO] - 2021-08-02 21:43:29,103 - Cuda Statistics - : Current cuda device  0 in /home/arthur/Work/kaggle/BraTS_2021/utils/misc.py:36
[INFO] - 2021-08-02 21:43:29,103 - Agent - : Loading checkpoint 'experiments/example_exp_0/checkpoints/checkpoint.pth.tar' in /home/arthur/Work/kaggle/BraTS_2021/agents/mlp_mixer.py:85
[INFO] - 2021-08-02 21:43:29,103 - Agent - : No checkpoint exists from 'experiments/example_exp_0/checkpoints/'. Skipping... in /home/arthur/Work/kaggle/BraTS_2021/agents/mlp_mixer.py:96
[INFO] - 2021-08-02 21:43:29,103 - Agent - : **First time to train** in /home/arthur/Work/kaggle/BraTS_2021/agents/mlp_mixer.py:97
[INFO] - 2021-08-02 21:43:59,506 - root - : Hi, This is root. in /home/arthur/Work/kaggle/BraTS_2021/utils/config.py:92
[INFO] - 2021-08-02 21:43:59,506 - root - : After the configurations are successfully processed and dirs are created. in /home/arthur/Work/kaggle/BraTS_2021/utils/config.py:93
[INFO] - 2021-08-02 21:43:59,506 - root - : The pipeline of the project will begin now. in /home/arthur/Work/kaggle/BraTS_2021/utils/config.py:94
[INFO] - 2021-08-02 21:44:01,145 - Agent - : Program will run on *****GPU-CUDA*****  in /home/arthur/Work/kaggle/BraTS_2021/agents/mlp_mixer.py:67
[INFO] - 2021-08-02 21:44:01,145 - Cuda Statistics - : __Python VERSION:  3.8.8 | packaged by conda-forge | (default, Feb 20 2021, 16:22:27) 
[GCC 9.3.0] in /home/arthur/Work/kaggle/BraTS_2021/utils/misc.py:25
[INFO] - 2021-08-02 21:44:01,145 - Cuda Statistics - : __pyTorch VERSION:  1.8.0 in /home/arthur/Work/kaggle/BraTS_2021/utils/misc.py:26
[INFO] - 2021-08-02 21:44:01,145 - Cuda Statistics - : __CUDA VERSION in /home/arthur/Work/kaggle/BraTS_2021/utils/misc.py:27
[INFO] - 2021-08-02 21:44:01,205 - Cuda Statistics - : __CUDNN VERSION:  8005 in /home/arthur/Work/kaggle/BraTS_2021/utils/misc.py:29
[INFO] - 2021-08-02 21:44:01,205 - Cuda Statistics - : __Number CUDA Devices:  1 in /home/arthur/Work/kaggle/BraTS_2021/utils/misc.py:30
[INFO] - 2021-08-02 21:44:01,205 - Cuda Statistics - : __Devices in /home/arthur/Work/kaggle/BraTS_2021/utils/misc.py:31
[INFO] - 2021-08-02 21:44:01,267 - Cuda Statistics - : Active CUDA Device: GPU 0 in /home/arthur/Work/kaggle/BraTS_2021/utils/misc.py:34
[INFO] - 2021-08-02 21:44:01,268 - Cuda Statistics - : Available devices  1 in /home/arthur/Work/kaggle/BraTS_2021/utils/misc.py:35
[INFO] - 2021-08-02 21:44:01,268 - Cuda Statistics - : Current cuda device  0 in /home/arthur/Work/kaggle/BraTS_2021/utils/misc.py:36
[INFO] - 2021-08-02 21:44:01,268 - Agent - : Loading checkpoint 'experiments/example_exp_0/checkpoints/checkpoint.pth.tar' in /home/arthur/Work/kaggle/BraTS_2021/agents/mlp_mixer.py:85
[INFO] - 2021-08-02 21:44:01,268 - Agent - : No checkpoint exists from 'experiments/example_exp_0/checkpoints/'. Skipping... in /home/arthur/Work/kaggle/BraTS_2021/agents/mlp_mixer.py:96
[INFO] - 2021-08-02 21:44:01,268 - Agent - : **First time to train** in /home/arthur/Work/kaggle/BraTS_2021/agents/mlp_mixer.py:97
[INFO] - 2021-08-02 21:46:25,945 - root - : Hi, This is root. in /home/arthur/Work/kaggle/BraTS_2021/utils/config.py:92
[INFO] - 2021-08-02 21:46:25,945 - root - : After the configurations are successfully processed and dirs are created. in /home/arthur/Work/kaggle/BraTS_2021/utils/config.py:93
[INFO] - 2021-08-02 21:46:25,945 - root - : The pipeline of the project will begin now. in /home/arthur/Work/kaggle/BraTS_2021/utils/config.py:94
[INFO] - 2021-08-02 21:46:27,777 - Agent - : Program will run on *****GPU-CUDA*****  in /home/arthur/Work/kaggle/BraTS_2021/agents/mlp_mixer.py:67
[INFO] - 2021-08-02 21:46:27,777 - Cuda Statistics - : __Python VERSION:  3.8.8 | packaged by conda-forge | (default, Feb 20 2021, 16:22:27) 
[GCC 9.3.0] in /home/arthur/Work/kaggle/BraTS_2021/utils/misc.py:25
[INFO] - 2021-08-02 21:46:27,777 - Cuda Statistics - : __pyTorch VERSION:  1.8.0 in /home/arthur/Work/kaggle/BraTS_2021/utils/misc.py:26
[INFO] - 2021-08-02 21:46:27,777 - Cuda Statistics - : __CUDA VERSION in /home/arthur/Work/kaggle/BraTS_2021/utils/misc.py:27
[INFO] - 2021-08-02 21:46:27,831 - Cuda Statistics - : __CUDNN VERSION:  8005 in /home/arthur/Work/kaggle/BraTS_2021/utils/misc.py:29
[INFO] - 2021-08-02 21:46:27,831 - Cuda Statistics - : __Number CUDA Devices:  1 in /home/arthur/Work/kaggle/BraTS_2021/utils/misc.py:30
[INFO] - 2021-08-02 21:46:27,831 - Cuda Statistics - : __Devices in /home/arthur/Work/kaggle/BraTS_2021/utils/misc.py:31
[INFO] - 2021-08-02 21:46:27,909 - Cuda Statistics - : Active CUDA Device: GPU 0 in /home/arthur/Work/kaggle/BraTS_2021/utils/misc.py:34
[INFO] - 2021-08-02 21:46:27,909 - Cuda Statistics - : Available devices  1 in /home/arthur/Work/kaggle/BraTS_2021/utils/misc.py:35
[INFO] - 2021-08-02 21:46:27,909 - Cuda Statistics - : Current cuda device  0 in /home/arthur/Work/kaggle/BraTS_2021/utils/misc.py:36
[INFO] - 2021-08-02 21:46:27,909 - Agent - : Loading checkpoint 'experiments/example_exp_0/checkpoints/checkpoint.pth.tar' in /home/arthur/Work/kaggle/BraTS_2021/agents/mlp_mixer.py:85
[INFO] - 2021-08-02 21:46:27,909 - Agent - : No checkpoint exists from 'experiments/example_exp_0/checkpoints/'. Skipping... in /home/arthur/Work/kaggle/BraTS_2021/agents/mlp_mixer.py:96
[INFO] - 2021-08-02 21:46:27,909 - Agent - : **First time to train** in /home/arthur/Work/kaggle/BraTS_2021/agents/mlp_mixer.py:97
[INFO] - 2021-08-03 20:01:12,201 - root - : Hi, This is root. in /home/arthur/Work/kaggle/BraTS_2021/utils/config.py:92
[INFO] - 2021-08-03 20:01:12,202 - root - : After the configurations are successfully processed and dirs are created. in /home/arthur/Work/kaggle/BraTS_2021/utils/config.py:93
[INFO] - 2021-08-03 20:01:12,202 - root - : The pipeline of the project will begin now. in /home/arthur/Work/kaggle/BraTS_2021/utils/config.py:94
[INFO] - 2021-08-03 20:01:44,045 - root - : Hi, This is root. in /home/arthur/Work/kaggle/BraTS_2021/utils/config.py:92
[INFO] - 2021-08-03 20:01:44,045 - root - : After the configurations are successfully processed and dirs are created. in /home/arthur/Work/kaggle/BraTS_2021/utils/config.py:93
[INFO] - 2021-08-03 20:01:44,045 - root - : The pipeline of the project will begin now. in /home/arthur/Work/kaggle/BraTS_2021/utils/config.py:94
[INFO] - 2021-08-03 20:01:45,437 - Agent - : Program will run on *****GPU-CUDA*****  in /home/arthur/Work/kaggle/BraTS_2021/agents/mlp_mixer.py:67
[INFO] - 2021-08-03 20:01:45,437 - Cuda Statistics - : __Python VERSION:  3.8.8 | packaged by conda-forge | (default, Feb 20 2021, 16:22:27) 
[GCC 9.3.0] in /home/arthur/Work/kaggle/BraTS_2021/utils/misc.py:25
[INFO] - 2021-08-03 20:01:45,437 - Cuda Statistics - : __pyTorch VERSION:  1.8.0 in /home/arthur/Work/kaggle/BraTS_2021/utils/misc.py:26
[INFO] - 2021-08-03 20:01:45,437 - Cuda Statistics - : __CUDA VERSION in /home/arthur/Work/kaggle/BraTS_2021/utils/misc.py:27
[INFO] - 2021-08-03 20:01:45,500 - Cuda Statistics - : __CUDNN VERSION:  8005 in /home/arthur/Work/kaggle/BraTS_2021/utils/misc.py:29
[INFO] - 2021-08-03 20:01:45,500 - Cuda Statistics - : __Number CUDA Devices:  1 in /home/arthur/Work/kaggle/BraTS_2021/utils/misc.py:30
[INFO] - 2021-08-03 20:01:45,500 - Cuda Statistics - : __Devices in /home/arthur/Work/kaggle/BraTS_2021/utils/misc.py:31
[INFO] - 2021-08-03 20:01:45,565 - Cuda Statistics - : Active CUDA Device: GPU 0 in /home/arthur/Work/kaggle/BraTS_2021/utils/misc.py:34
[INFO] - 2021-08-03 20:01:45,566 - Cuda Statistics - : Available devices  1 in /home/arthur/Work/kaggle/BraTS_2021/utils/misc.py:35
[INFO] - 2021-08-03 20:01:45,566 - Cuda Statistics - : Current cuda device  0 in /home/arthur/Work/kaggle/BraTS_2021/utils/misc.py:36
[INFO] - 2021-08-03 20:01:45,566 - Agent - : Loading checkpoint 'experiments/example_exp_0/checkpoints/checkpoint.pth.tar' in /home/arthur/Work/kaggle/BraTS_2021/agents/mlp_mixer.py:85
[INFO] - 2021-08-03 20:01:45,566 - Agent - : No checkpoint exists from 'experiments/example_exp_0/checkpoints/'. Skipping... in /home/arthur/Work/kaggle/BraTS_2021/agents/mlp_mixer.py:96
[INFO] - 2021-08-03 20:01:45,566 - Agent - : **First time to train** in /home/arthur/Work/kaggle/BraTS_2021/agents/mlp_mixer.py:97
[INFO] - 2021-08-03 20:03:56,034 - root - : Hi, This is root. in /home/arthur/Work/kaggle/BraTS_2021/utils/config.py:92
[INFO] - 2021-08-03 20:03:56,034 - root - : After the configurations are successfully processed and dirs are created. in /home/arthur/Work/kaggle/BraTS_2021/utils/config.py:93
[INFO] - 2021-08-03 20:03:56,034 - root - : The pipeline of the project will begin now. in /home/arthur/Work/kaggle/BraTS_2021/utils/config.py:94
[INFO] - 2021-08-03 20:03:57,471 - Agent - : Program will run on *****GPU-CUDA*****  in /home/arthur/Work/kaggle/BraTS_2021/agents/mlp_mixer.py:67
[INFO] - 2021-08-03 20:03:57,471 - Cuda Statistics - : __Python VERSION:  3.8.8 | packaged by conda-forge | (default, Feb 20 2021, 16:22:27) 
[GCC 9.3.0] in /home/arthur/Work/kaggle/BraTS_2021/utils/misc.py:25
[INFO] - 2021-08-03 20:03:57,471 - Cuda Statistics - : __pyTorch VERSION:  1.8.0 in /home/arthur/Work/kaggle/BraTS_2021/utils/misc.py:26
[INFO] - 2021-08-03 20:03:57,471 - Cuda Statistics - : __CUDA VERSION in /home/arthur/Work/kaggle/BraTS_2021/utils/misc.py:27
[INFO] - 2021-08-03 20:03:57,539 - Cuda Statistics - : __CUDNN VERSION:  8005 in /home/arthur/Work/kaggle/BraTS_2021/utils/misc.py:29
[INFO] - 2021-08-03 20:03:57,539 - Cuda Statistics - : __Number CUDA Devices:  1 in /home/arthur/Work/kaggle/BraTS_2021/utils/misc.py:30
[INFO] - 2021-08-03 20:03:57,539 - Cuda Statistics - : __Devices in /home/arthur/Work/kaggle/BraTS_2021/utils/misc.py:31
[INFO] - 2021-08-03 20:03:57,607 - Cuda Statistics - : Active CUDA Device: GPU 0 in /home/arthur/Work/kaggle/BraTS_2021/utils/misc.py:34
[INFO] - 2021-08-03 20:03:57,608 - Cuda Statistics - : Available devices  1 in /home/arthur/Work/kaggle/BraTS_2021/utils/misc.py:35
[INFO] - 2021-08-03 20:03:57,608 - Cuda Statistics - : Current cuda device  0 in /home/arthur/Work/kaggle/BraTS_2021/utils/misc.py:36
[INFO] - 2021-08-03 20:03:57,608 - Agent - : Loading checkpoint 'experiments/example_exp_0/checkpoints/checkpoint.pth.tar' in /home/arthur/Work/kaggle/BraTS_2021/agents/mlp_mixer.py:85
[INFO] - 2021-08-03 20:03:57,608 - Agent - : No checkpoint exists from 'experiments/example_exp_0/checkpoints/'. Skipping... in /home/arthur/Work/kaggle/BraTS_2021/agents/mlp_mixer.py:96
[INFO] - 2021-08-03 20:03:57,608 - Agent - : **First time to train** in /home/arthur/Work/kaggle/BraTS_2021/agents/mlp_mixer.py:97
[INFO] - 2021-08-03 20:04:36,515 - root - : Hi, This is root. in /home/arthur/Work/kaggle/BraTS_2021/utils/config.py:92
[INFO] - 2021-08-03 20:04:36,516 - root - : After the configurations are successfully processed and dirs are created. in /home/arthur/Work/kaggle/BraTS_2021/utils/config.py:93
[INFO] - 2021-08-03 20:04:36,516 - root - : The pipeline of the project will begin now. in /home/arthur/Work/kaggle/BraTS_2021/utils/config.py:94
[INFO] - 2021-08-03 20:04:57,243 - root - : Hi, This is root. in /home/arthur/Work/kaggle/BraTS_2021/utils/config.py:92
[INFO] - 2021-08-03 20:04:57,243 - root - : After the configurations are successfully processed and dirs are created. in /home/arthur/Work/kaggle/BraTS_2021/utils/config.py:93
[INFO] - 2021-08-03 20:04:57,243 - root - : The pipeline of the project will begin now. in /home/arthur/Work/kaggle/BraTS_2021/utils/config.py:94
[INFO] - 2021-08-03 20:04:57,272 - Cifar10DataLoader - : BraTS_mean_Dataloader, data_mode : images, path : ./data/ in /home/arthur/Work/kaggle/BraTS_2021/datasets/brats.py:36
[INFO] - 2021-08-03 20:05:04,848 - root - : Hi, This is root. in /home/arthur/Work/kaggle/BraTS_2021/utils/config.py:92
[INFO] - 2021-08-03 20:05:04,848 - root - : After the configurations are successfully processed and dirs are created. in /home/arthur/Work/kaggle/BraTS_2021/utils/config.py:93
[INFO] - 2021-08-03 20:05:04,848 - root - : The pipeline of the project will begin now. in /home/arthur/Work/kaggle/BraTS_2021/utils/config.py:94
[INFO] - 2021-08-03 20:05:04,878 - Cifar10DataLoader - : BraTS_mean_Dataloader, data_mode : images, path : ./data/ in /home/arthur/Work/kaggle/BraTS_2021/datasets/brats.py:36
[INFO] - 2021-08-03 20:05:11,500 - root - : Hi, This is root. in /home/arthur/Work/kaggle/BraTS_2021/utils/config.py:92
[INFO] - 2021-08-03 20:05:11,500 - root - : After the configurations are successfully processed and dirs are created. in /home/arthur/Work/kaggle/BraTS_2021/utils/config.py:93
[INFO] - 2021-08-03 20:05:11,500 - root - : The pipeline of the project will begin now. in /home/arthur/Work/kaggle/BraTS_2021/utils/config.py:94
[INFO] - 2021-08-03 20:05:11,529 - Cifar10DataLoader - : BraTS_mean_Dataloader, data_mode : images, path : ./data/ in /home/arthur/Work/kaggle/BraTS_2021/datasets/brats.py:36
[INFO] - 2021-08-03 20:05:43,875 - root - : Hi, This is root. in /home/arthur/Work/kaggle/BraTS_2021/utils/config.py:92
[INFO] - 2021-08-03 20:05:43,875 - root - : After the configurations are successfully processed and dirs are created. in /home/arthur/Work/kaggle/BraTS_2021/utils/config.py:93
[INFO] - 2021-08-03 20:05:43,875 - root - : The pipeline of the project will begin now. in /home/arthur/Work/kaggle/BraTS_2021/utils/config.py:94
[INFO] - 2021-08-03 20:05:43,905 - Cifar10DataLoader - : BraTS_mean_Dataloader, data_mode : images, path : ./data/ in /home/arthur/Work/kaggle/BraTS_2021/datasets/brats.py:36
[INFO] - 2021-08-03 20:06:04,549 - root - : Hi, This is root. in /home/arthur/Work/kaggle/BraTS_2021/utils/config.py:92
[INFO] - 2021-08-03 20:06:04,549 - root - : After the configurations are successfully processed and dirs are created. in /home/arthur/Work/kaggle/BraTS_2021/utils/config.py:93
[INFO] - 2021-08-03 20:06:04,549 - root - : The pipeline of the project will begin now. in /home/arthur/Work/kaggle/BraTS_2021/utils/config.py:94
[INFO] - 2021-08-03 20:06:04,585 - Cifar10DataLoader - : BraTS_mean_Dataloader, data_mode : images, path : ./data/ in /home/arthur/Work/kaggle/BraTS_2021/datasets/brats.py:36
[INFO] - 2021-08-03 20:06:49,247 - root - : Hi, This is root. in /home/arthur/Work/kaggle/BraTS_2021/utils/config.py:92
[INFO] - 2021-08-03 20:06:49,247 - root - : After the configurations are successfully processed and dirs are created. in /home/arthur/Work/kaggle/BraTS_2021/utils/config.py:93
[INFO] - 2021-08-03 20:06:49,247 - root - : The pipeline of the project will begin now. in /home/arthur/Work/kaggle/BraTS_2021/utils/config.py:94
[INFO] - 2021-08-03 20:06:49,276 - Cifar10DataLoader - : BraTS_mean_Dataloader, data_mode : images, path : /home/arthur/Work/kaggle/BraTS_2021/data/ in /home/arthur/Work/kaggle/BraTS_2021/datasets/brats.py:36
[INFO] - 2021-08-03 20:07:09,437 - root - : Hi, This is root. in /home/arthur/Work/kaggle/BraTS_2021/utils/config.py:92
[INFO] - 2021-08-03 20:07:09,437 - root - : After the configurations are successfully processed and dirs are created. in /home/arthur/Work/kaggle/BraTS_2021/utils/config.py:93
[INFO] - 2021-08-03 20:07:09,437 - root - : The pipeline of the project will begin now. in /home/arthur/Work/kaggle/BraTS_2021/utils/config.py:94
[INFO] - 2021-08-03 20:07:09,466 - Cifar10DataLoader - : BraTS_mean_Dataloader, data_mode : images, path : /home/arthur/Work/kaggle/BraTS_2021/data/ in /home/arthur/Work/kaggle/BraTS_2021/datasets/brats.py:36
[INFO] - 2021-08-03 20:07:28,084 - root - : Hi, This is root. in /home/arthur/Work/kaggle/BraTS_2021/utils/config.py:92
[INFO] - 2021-08-03 20:07:28,084 - root - : After the configurations are successfully processed and dirs are created. in /home/arthur/Work/kaggle/BraTS_2021/utils/config.py:93
[INFO] - 2021-08-03 20:07:28,084 - root - : The pipeline of the project will begin now. in /home/arthur/Work/kaggle/BraTS_2021/utils/config.py:94
[INFO] - 2021-08-03 20:07:28,113 - Cifar10DataLoader - : BraTS_mean_Dataloader, data_mode : images, path : /home/arthur/Work/kaggle/BraTS_2021/data/ in /home/arthur/Work/kaggle/BraTS_2021/datasets/brats.py:36
[INFO] - 2021-08-03 20:08:10,032 - root - : Hi, This is root. in /home/arthur/Work/kaggle/BraTS_2021/utils/config.py:92
[INFO] - 2021-08-03 20:08:10,032 - root - : After the configurations are successfully processed and dirs are created. in /home/arthur/Work/kaggle/BraTS_2021/utils/config.py:93
[INFO] - 2021-08-03 20:08:10,032 - root - : The pipeline of the project will begin now. in /home/arthur/Work/kaggle/BraTS_2021/utils/config.py:94
[INFO] - 2021-08-03 20:08:10,061 - Cifar10DataLoader - : BraTS_mean_Dataloader, data_mode : images, path : /home/arthur/Work/kaggle/BraTS_2021/data/ in /home/arthur/Work/kaggle/BraTS_2021/datasets/brats.py:36
[INFO] - 2021-08-03 20:08:19,038 - root - : Hi, This is root. in /home/arthur/Work/kaggle/BraTS_2021/utils/config.py:92
[INFO] - 2021-08-03 20:08:19,038 - root - : After the configurations are successfully processed and dirs are created. in /home/arthur/Work/kaggle/BraTS_2021/utils/config.py:93
[INFO] - 2021-08-03 20:08:19,038 - root - : The pipeline of the project will begin now. in /home/arthur/Work/kaggle/BraTS_2021/utils/config.py:94
[INFO] - 2021-08-03 20:08:19,068 - Cifar10DataLoader - : BraTS_mean_Dataloader, data_mode : images, path : /home/arthur/Work/kaggle/BraTS_2021/data/ in /home/arthur/Work/kaggle/BraTS_2021/datasets/brats.py:36
[INFO] - 2021-08-03 20:17:03,533 - root - : Hi, This is root. in /home/arthur/Work/kaggle/BraTS_2021/utils/config.py:92
[INFO] - 2021-08-03 20:17:03,534 - root - : After the configurations are successfully processed and dirs are created. in /home/arthur/Work/kaggle/BraTS_2021/utils/config.py:93
[INFO] - 2021-08-03 20:17:03,534 - root - : The pipeline of the project will begin now. in /home/arthur/Work/kaggle/BraTS_2021/utils/config.py:94
[INFO] - 2021-08-03 20:17:03,562 - Cifar10DataLoader - : BraTS_mean_Dataloader, data_mode : images, path : /home/arthur/Work/kaggle/BraTS_2021/data/ in /home/arthur/Work/kaggle/BraTS_2021/datasets/brats.py:36
[INFO] - 2021-08-03 20:17:14,331 - root - : Hi, This is root. in /home/arthur/Work/kaggle/BraTS_2021/utils/config.py:92
[INFO] - 2021-08-03 20:17:14,331 - root - : After the configurations are successfully processed and dirs are created. in /home/arthur/Work/kaggle/BraTS_2021/utils/config.py:93
[INFO] - 2021-08-03 20:17:14,331 - root - : The pipeline of the project will begin now. in /home/arthur/Work/kaggle/BraTS_2021/utils/config.py:94
[INFO] - 2021-08-03 20:17:14,369 - Cifar10DataLoader - : BraTS_mean_Dataloader, data_mode : images, path : /home/arthur/Work/kaggle/BraTS_2021/data/ in /home/arthur/Work/kaggle/BraTS_2021/datasets/brats.py:36
[INFO] - 2021-08-03 20:17:34,197 - root - : Hi, This is root. in /home/arthur/Work/kaggle/BraTS_2021/utils/config.py:92
[INFO] - 2021-08-03 20:17:34,197 - root - : After the configurations are successfully processed and dirs are created. in /home/arthur/Work/kaggle/BraTS_2021/utils/config.py:93
[INFO] - 2021-08-03 20:17:34,197 - root - : The pipeline of the project will begin now. in /home/arthur/Work/kaggle/BraTS_2021/utils/config.py:94
[INFO] - 2021-08-03 20:17:34,239 - Cifar10DataLoader - : BraTS_mean_Dataloader, data_mode : images, path : /home/arthur/Work/kaggle/BraTS_2021/data/ in /home/arthur/Work/kaggle/BraTS_2021/datasets/brats.py:36
[INFO] - 2021-08-03 20:17:55,171 - root - : Hi, This is root. in /home/arthur/Work/kaggle/BraTS_2021/utils/config.py:92
[INFO] - 2021-08-03 20:17:55,171 - root - : After the configurations are successfully processed and dirs are created. in /home/arthur/Work/kaggle/BraTS_2021/utils/config.py:93
[INFO] - 2021-08-03 20:17:55,171 - root - : The pipeline of the project will begin now. in /home/arthur/Work/kaggle/BraTS_2021/utils/config.py:94
[INFO] - 2021-08-03 20:17:55,199 - Cifar10DataLoader - : BraTS_mean_Dataloader, data_mode : images, path : /home/arthur/Work/kaggle/BraTS_2021/data/ in /home/arthur/Work/kaggle/BraTS_2021/datasets/brats.py:36
[INFO] - 2021-08-03 20:18:10,209 - root - : Hi, This is root. in /home/arthur/Work/kaggle/BraTS_2021/utils/config.py:92
[INFO] - 2021-08-03 20:18:10,209 - root - : After the configurations are successfully processed and dirs are created. in /home/arthur/Work/kaggle/BraTS_2021/utils/config.py:93
[INFO] - 2021-08-03 20:18:10,210 - root - : The pipeline of the project will begin now. in /home/arthur/Work/kaggle/BraTS_2021/utils/config.py:94
[INFO] - 2021-08-03 20:18:10,238 - Cifar10DataLoader - : BraTS_mean_Dataloader, data_mode : images, path : /home/arthur/Work/kaggle/BraTS_2021/data/ in /home/arthur/Work/kaggle/BraTS_2021/datasets/brats.py:36
[INFO] - 2021-08-03 20:19:19,204 - root - : Hi, This is root. in /home/arthur/Work/kaggle/BraTS_2021/utils/config.py:92
[INFO] - 2021-08-03 20:19:19,204 - root - : After the configurations are successfully processed and dirs are created. in /home/arthur/Work/kaggle/BraTS_2021/utils/config.py:93
[INFO] - 2021-08-03 20:19:19,204 - root - : The pipeline of the project will begin now. in /home/arthur/Work/kaggle/BraTS_2021/utils/config.py:94
[INFO] - 2021-08-03 20:19:19,233 - Cifar10DataLoader - : BraTS_mean_Dataloader, data_mode : images, path : /home/arthur/Work/kaggle/BraTS_2021/data/ in /home/arthur/Work/kaggle/BraTS_2021/datasets/brats.py:36
[INFO] - 2021-08-03 20:27:30,830 - root - : Hi, This is root. in /home/arthur/Work/kaggle/BraTS_2021/utils/config.py:92
[INFO] - 2021-08-03 20:27:30,831 - root - : After the configurations are successfully processed and dirs are created. in /home/arthur/Work/kaggle/BraTS_2021/utils/config.py:93
[INFO] - 2021-08-03 20:27:30,831 - root - : The pipeline of the project will begin now. in /home/arthur/Work/kaggle/BraTS_2021/utils/config.py:94
[INFO] - 2021-08-03 20:27:30,858 - Cifar10DataLoader - : BraTS_mean_Dataloader, data_mode : images, path : /home/arthur/Work/kaggle/BraTS_2021/data/ in /home/arthur/Work/kaggle/BraTS_2021/datasets/brats.py:36
[INFO] - 2021-08-03 20:27:54,950 - root - : Hi, This is root. in /home/arthur/Work/kaggle/BraTS_2021/utils/config.py:92
[INFO] - 2021-08-03 20:27:54,950 - root - : After the configurations are successfully processed and dirs are created. in /home/arthur/Work/kaggle/BraTS_2021/utils/config.py:93
[INFO] - 2021-08-03 20:27:54,950 - root - : The pipeline of the project will begin now. in /home/arthur/Work/kaggle/BraTS_2021/utils/config.py:94
[INFO] - 2021-08-03 20:27:54,979 - Cifar10DataLoader - : BraTS_mean_Dataloader, data_mode : images, path : /home/arthur/Work/kaggle/BraTS_2021/data/ in /home/arthur/Work/kaggle/BraTS_2021/datasets/brats.py:36
[INFO] - 2021-08-03 20:39:16,899 - root - : Hi, This is root. in /home/arthur/Work/kaggle/BraTS_2021/utils/config.py:92
[INFO] - 2021-08-03 20:39:16,899 - root - : After the configurations are successfully processed and dirs are created. in /home/arthur/Work/kaggle/BraTS_2021/utils/config.py:93
[INFO] - 2021-08-03 20:39:16,899 - root - : The pipeline of the project will begin now. in /home/arthur/Work/kaggle/BraTS_2021/utils/config.py:94
[INFO] - 2021-08-03 20:39:16,927 - Cifar10DataLoader - : BraTS_mean_Dataloader, data_mode : images, path : /home/arthur/Work/kaggle/BraTS_2021/data/ in /home/arthur/Work/kaggle/BraTS_2021/datasets/brats.py:36
[INFO] - 2021-08-03 20:40:09,311 - root - : Hi, This is root. in /home/arthur/Work/kaggle/BraTS_2021/utils/config.py:92
[INFO] - 2021-08-03 20:40:09,311 - root - : After the configurations are successfully processed and dirs are created. in /home/arthur/Work/kaggle/BraTS_2021/utils/config.py:93
[INFO] - 2021-08-03 20:40:09,311 - root - : The pipeline of the project will begin now. in /home/arthur/Work/kaggle/BraTS_2021/utils/config.py:94
[INFO] - 2021-08-03 20:40:09,339 - Cifar10DataLoader - : BraTS_mean_Dataloader, data_mode : images, path : /home/arthur/Work/kaggle/BraTS_2021/data/ in /home/arthur/Work/kaggle/BraTS_2021/datasets/brats.py:36
[INFO] - 2021-08-03 20:40:21,004 - root - : Hi, This is root. in /home/arthur/Work/kaggle/BraTS_2021/utils/config.py:92
[INFO] - 2021-08-03 20:40:21,004 - root - : After the configurations are successfully processed and dirs are created. in /home/arthur/Work/kaggle/BraTS_2021/utils/config.py:93
[INFO] - 2021-08-03 20:40:21,004 - root - : The pipeline of the project will begin now. in /home/arthur/Work/kaggle/BraTS_2021/utils/config.py:94
[INFO] - 2021-08-03 20:40:21,032 - Cifar10DataLoader - : BraTS_mean_Dataloader, data_mode : images, path : /home/arthur/Work/kaggle/BraTS_2021/data/ in /home/arthur/Work/kaggle/BraTS_2021/datasets/brats.py:36
[INFO] - 2021-08-03 20:41:32,561 - root - : Hi, This is root. in /home/arthur/Work/kaggle/BraTS_2021/utils/config.py:92
[INFO] - 2021-08-03 20:41:32,561 - root - : After the configurations are successfully processed and dirs are created. in /home/arthur/Work/kaggle/BraTS_2021/utils/config.py:93
[INFO] - 2021-08-03 20:41:32,561 - root - : The pipeline of the project will begin now. in /home/arthur/Work/kaggle/BraTS_2021/utils/config.py:94
[INFO] - 2021-08-03 20:41:32,593 - Cifar10DataLoader - : BraTS_mean_Dataloader, data_mode : images, path : /home/arthur/Work/kaggle/BraTS_2021/data/ in /home/arthur/Work/kaggle/BraTS_2021/datasets/brats.py:36
[INFO] - 2021-08-03 20:42:24,019 - root - : Hi, This is root. in /home/arthur/Work/kaggle/BraTS_2021/utils/config.py:92
[INFO] - 2021-08-03 20:42:24,019 - root - : After the configurations are successfully processed and dirs are created. in /home/arthur/Work/kaggle/BraTS_2021/utils/config.py:93
[INFO] - 2021-08-03 20:42:24,020 - root - : The pipeline of the project will begin now. in /home/arthur/Work/kaggle/BraTS_2021/utils/config.py:94
[INFO] - 2021-08-03 20:42:24,049 - Cifar10DataLoader - : BraTS_mean_Dataloader, data_mode : images, path : /home/arthur/Work/kaggle/BraTS_2021/data/ in /home/arthur/Work/kaggle/BraTS_2021/datasets/brats.py:36
[INFO] - 2021-08-03 20:42:30,955 - root - : Hi, This is root. in /home/arthur/Work/kaggle/BraTS_2021/utils/config.py:92
[INFO] - 2021-08-03 20:42:30,955 - root - : After the configurations are successfully processed and dirs are created. in /home/arthur/Work/kaggle/BraTS_2021/utils/config.py:93
[INFO] - 2021-08-03 20:42:30,955 - root - : The pipeline of the project will begin now. in /home/arthur/Work/kaggle/BraTS_2021/utils/config.py:94
[INFO] - 2021-08-03 20:42:30,984 - Cifar10DataLoader - : BraTS_mean_Dataloader, data_mode : images, path : /home/arthur/Work/kaggle/BraTS_2021/data/ in /home/arthur/Work/kaggle/BraTS_2021/datasets/brats.py:36
[INFO] - 2021-08-03 20:42:35,911 - root - : Hi, This is root. in /home/arthur/Work/kaggle/BraTS_2021/utils/config.py:92
[INFO] - 2021-08-03 20:42:35,911 - root - : After the configurations are successfully processed and dirs are created. in /home/arthur/Work/kaggle/BraTS_2021/utils/config.py:93
[INFO] - 2021-08-03 20:42:35,911 - root - : The pipeline of the project will begin now. in /home/arthur/Work/kaggle/BraTS_2021/utils/config.py:94
[INFO] - 2021-08-03 20:42:35,940 - Cifar10DataLoader - : BraTS_mean_Dataloader, data_mode : images, path : /home/arthur/Work/kaggle/BraTS_2021/data/ in /home/arthur/Work/kaggle/BraTS_2021/datasets/brats.py:36
[INFO] - 2021-08-03 20:42:44,860 - root - : Hi, This is root. in /home/arthur/Work/kaggle/BraTS_2021/utils/config.py:92
[INFO] - 2021-08-03 20:42:44,860 - root - : After the configurations are successfully processed and dirs are created. in /home/arthur/Work/kaggle/BraTS_2021/utils/config.py:93
[INFO] - 2021-08-03 20:42:44,860 - root - : The pipeline of the project will begin now. in /home/arthur/Work/kaggle/BraTS_2021/utils/config.py:94
[INFO] - 2021-08-03 20:42:44,897 - Cifar10DataLoader - : BraTS_mean_Dataloader, data_mode : images, path : /home/arthur/Work/kaggle/BraTS_2021/data/ in /home/arthur/Work/kaggle/BraTS_2021/datasets/brats.py:36
[INFO] - 2021-08-03 20:44:11,688 - root - : Hi, This is root. in /home/arthur/Work/kaggle/BraTS_2021/utils/config.py:92
[INFO] - 2021-08-03 20:44:11,688 - root - : After the configurations are successfully processed and dirs are created. in /home/arthur/Work/kaggle/BraTS_2021/utils/config.py:93
[INFO] - 2021-08-03 20:44:11,688 - root - : The pipeline of the project will begin now. in /home/arthur/Work/kaggle/BraTS_2021/utils/config.py:94
[INFO] - 2021-08-03 20:44:11,716 - Cifar10DataLoader - : BraTS_mean_Dataloader, data_mode : images, path : /home/arthur/Work/kaggle/BraTS_2021/data/ in /home/arthur/Work/kaggle/BraTS_2021/datasets/brats.py:36
[INFO] - 2021-08-03 20:44:58,727 - root - : Hi, This is root. in /home/arthur/Work/kaggle/BraTS_2021/utils/config.py:92
[INFO] - 2021-08-03 20:44:58,727 - root - : After the configurations are successfully processed and dirs are created. in /home/arthur/Work/kaggle/BraTS_2021/utils/config.py:93
[INFO] - 2021-08-03 20:44:58,727 - root - : The pipeline of the project will begin now. in /home/arthur/Work/kaggle/BraTS_2021/utils/config.py:94
[INFO] - 2021-08-03 20:44:58,757 - Cifar10DataLoader - : BraTS_mean_Dataloader, data_mode : images, path : /home/arthur/Work/kaggle/BraTS_2021/data/ in /home/arthur/Work/kaggle/BraTS_2021/datasets/brats.py:36
[INFO] - 2021-08-03 20:45:56,280 - root - : Hi, This is root. in /home/arthur/Work/kaggle/BraTS_2021/utils/config.py:92
[INFO] - 2021-08-03 20:45:56,280 - root - : After the configurations are successfully processed and dirs are created. in /home/arthur/Work/kaggle/BraTS_2021/utils/config.py:93
[INFO] - 2021-08-03 20:45:56,280 - root - : The pipeline of the project will begin now. in /home/arthur/Work/kaggle/BraTS_2021/utils/config.py:94
[INFO] - 2021-08-03 20:45:56,316 - Cifar10DataLoader - : BraTS_mean_Dataloader, data_mode : images, path : /home/arthur/Work/kaggle/BraTS_2021/data/ in /home/arthur/Work/kaggle/BraTS_2021/datasets/brats.py:36
[INFO] - 2021-08-03 20:47:08,125 - root - : Hi, This is root. in /home/arthur/Work/kaggle/BraTS_2021/utils/config.py:92
[INFO] - 2021-08-03 20:47:08,125 - root - : After the configurations are successfully processed and dirs are created. in /home/arthur/Work/kaggle/BraTS_2021/utils/config.py:93
[INFO] - 2021-08-03 20:47:08,125 - root - : The pipeline of the project will begin now. in /home/arthur/Work/kaggle/BraTS_2021/utils/config.py:94
[INFO] - 2021-08-03 20:47:08,153 - Cifar10DataLoader - : BraTS_mean_Dataloader, data_mode : images, path : /home/arthur/Work/kaggle/BraTS_2021/data/ in /home/arthur/Work/kaggle/BraTS_2021/datasets/brats.py:36
[INFO] - 2021-08-03 20:50:17,286 - root - : Hi, This is root. in /home/arthur/Work/kaggle/BraTS_2021/utils/config.py:92
[INFO] - 2021-08-03 20:50:17,286 - root - : After the configurations are successfully processed and dirs are created. in /home/arthur/Work/kaggle/BraTS_2021/utils/config.py:93
[INFO] - 2021-08-03 20:50:17,286 - root - : The pipeline of the project will begin now. in /home/arthur/Work/kaggle/BraTS_2021/utils/config.py:94
[INFO] - 2021-08-03 20:50:17,315 - Cifar10DataLoader - : BraTS_mean_Dataloader, data_mode : images, path : /home/arthur/Work/kaggle/BraTS_2021/data/ in /home/arthur/Work/kaggle/BraTS_2021/datasets/brats.py:36
[INFO] - 2021-08-03 20:50:33,495 - root - : Hi, This is root. in /home/arthur/Work/kaggle/BraTS_2021/utils/config.py:92
[INFO] - 2021-08-03 20:50:33,495 - root - : After the configurations are successfully processed and dirs are created. in /home/arthur/Work/kaggle/BraTS_2021/utils/config.py:93
[INFO] - 2021-08-03 20:50:33,495 - root - : The pipeline of the project will begin now. in /home/arthur/Work/kaggle/BraTS_2021/utils/config.py:94
[INFO] - 2021-08-03 20:50:33,524 - Cifar10DataLoader - : BraTS_mean_Dataloader, data_mode : images, path : /home/arthur/Work/kaggle/BraTS_2021/data/ in /home/arthur/Work/kaggle/BraTS_2021/datasets/brats.py:36
[INFO] - 2021-08-03 20:50:52,225 - root - : Hi, This is root. in /home/arthur/Work/kaggle/BraTS_2021/utils/config.py:92
[INFO] - 2021-08-03 20:50:52,225 - root - : After the configurations are successfully processed and dirs are created. in /home/arthur/Work/kaggle/BraTS_2021/utils/config.py:93
[INFO] - 2021-08-03 20:50:52,225 - root - : The pipeline of the project will begin now. in /home/arthur/Work/kaggle/BraTS_2021/utils/config.py:94
[INFO] - 2021-08-03 20:50:52,263 - Cifar10DataLoader - : BraTS_mean_Dataloader, data_mode : images, path : /home/arthur/Work/kaggle/BraTS_2021/data/ in /home/arthur/Work/kaggle/BraTS_2021/datasets/brats.py:36
